{
  "stats": {
    "suites": 1,
    "tests": 1,
    "passes": 1,
    "pending": 0,
    "failures": 0,
    "start": "2024-01-31T18:28:11.739Z",
    "end": "2024-01-31T18:28:16.099Z",
    "duration": 4360,
    "testsRegistered": 1,
    "passPercent": 100,
    "pendingPercent": 0,
    "other": 0,
    "hasOther": false,
    "skipped": 0,
    "hasSkipped": false
  },
  "results": [
    {
      "uuid": "6886e5a7-c930-44f7-b125-d96ac200101f",
      "title": "",
      "fullFile": "cypress/integration/checkbox.js",
      "file": "cypress/integration/checkbox.js",
      "beforeHooks": [],
      "afterHooks": [],
      "tests": [],
      "suites": [
        {
          "uuid": "adf5d75e-94d3-4ad9-aecc-ee0baedc3a00",
          "title": "E2E - Click on checkbox",
          "fullFile": "",
          "file": "",
          "beforeHooks": [],
          "afterHooks": [],
          "tests": [
            {
              "title": "Checkbox",
              "fullTitle": "E2E - Click on checkbox Checkbox",
              "timedOut": null,
              "duration": 1428,
              "state": "passed",
              "speed": "fast",
              "pass": true,
              "fail": false,
              "pending": false,
              "context": null,
              "code": "cy.visit(\"https://ultimateqa.com/simple-html-elements-for-automation\");\ncy.get('[class=\"et_pb_blurb_description\"]').find(\"input\").then(checkbox => {\n  cy.get(checkbox).eq(1);\n  cy.get(checkbox).eq(2);\n  cy.get(checkbox).eq(0).check().invoke(\"prop\", \"checked\").then(status => {\n    cy.log(status);\n  });\n});\ncy.get('[value=\"Bike\"]').check().invoke(\"prop\", \"checked\").then(checked => {\n  cy.log(checked);\n});\ncy.get('[value=\"Car\"]').check().invoke(\"prop\", \"checked\").then(checked => {\n  cy.log(checked);\n});",
              "err": {},
              "uuid": "3dedee90-7171-4877-b22d-a4c09b63aa17",
              "parentUUID": "adf5d75e-94d3-4ad9-aecc-ee0baedc3a00",
              "isHook": false,
              "skipped": false
            }
          ],
          "suites": [],
          "passes": [
            "3dedee90-7171-4877-b22d-a4c09b63aa17"
          ],
          "failures": [],
          "pending": [],
          "skipped": [],
          "duration": 1428,
          "root": false,
          "rootEmpty": false,
          "_timeout": 2000
        }
      ],
      "passes": [],
      "failures": [],
      "pending": [],
      "skipped": [],
      "duration": 0,
      "root": true,
      "rootEmpty": true,
      "_timeout": 2000
    }
  ],
  "meta": {
    "mocha": {
      "version": "7.0.1"
    },
    "mochawesome": {
      "options": {
        "quiet": false,
        "reportFilename": "mochawesome",
        "saveHtml": false,
        "saveJson": true,
        "consoleReporter": "spec",
        "useInlineDiffs": false,
        "code": true
      },
      "version": "7.1.3"
    },
    "marge": {
      "options": {
        "id": "default",
        "reportDir": "cypress/results/mochawesome",
        "overwrite": false,
        "html": false,
        "json": true
      },
      "version": "6.2.0"
    }
  }
}