{
  "stats": {
    "suites": 1,
    "tests": 2,
    "passes": 2,
    "pending": 0,
    "failures": 0,
    "start": "2024-01-31T18:27:42.418Z",
    "end": "2024-01-31T18:27:45.489Z",
    "duration": 3071,
    "testsRegistered": 2,
    "passPercent": 100,
    "pendingPercent": 0,
    "other": 0,
    "hasOther": false,
    "skipped": 0,
    "hasSkipped": false
  },
  "results": [
    {
      "uuid": "0f2c24bc-4380-4415-8456-c77388159025",
      "title": "",
      "fullFile": "cypress/integration/alerts.js",
      "file": "cypress/integration/alerts.js",
      "beforeHooks": [],
      "afterHooks": [],
      "tests": [],
      "suites": [
        {
          "uuid": "65e155a3-fef0-4b86-b043-e8fb76b07169",
          "title": "E2E - Alert actions",
          "fullFile": "",
          "file": "",
          "beforeHooks": [],
          "afterHooks": [],
          "tests": [
            {
              "title": "Alert",
              "fullTitle": "E2E - Alert actions Alert",
              "timedOut": null,
              "duration": 634,
              "state": "passed",
              "speed": "fast",
              "pass": true,
              "fail": false,
              "pending": false,
              "context": null,
              "code": "cy.visit(\"https://testowanie-oprogramowania.pl/lekcje/alerty/\");\n_alertPage.default.clickOnBtnAlert1();\n_alertPage.default.verifyAlertText(\"Przykładowa treść alertu\"); // cy.get(\"#alert\").click();\n// cy.on(\"window:alert\", text => {\n//     expect(text).to.equal(\"Przykładowa treść alertu\")\n// })",
              "err": {},
              "uuid": "479ff71b-1d33-4821-9347-88e072dd4182",
              "parentUUID": "65e155a3-fef0-4b86-b043-e8fb76b07169",
              "isHook": false,
              "skipped": false
            },
            {
              "title": "Alert confirm",
              "fullTitle": "E2E - Alert actions Alert confirm",
              "timedOut": null,
              "duration": 95,
              "state": "passed",
              "speed": "fast",
              "pass": true,
              "fail": false,
              "pending": false,
              "context": null,
              "code": "_alertPage.default.clickOnBtnAlert2();\n_alertPage.default.verifyAlertConfrimText();\n_alertPage.default.rejectAlert(); // cy.get(\"#alert-confirm\").click();\n// cy.on(\"window:confirm\", text => {\n//     expect(text).to.equal(\"Zaakceptuj aby kontynuować!\")\n// })\n// cy.on(\"windows.confirm\", () => false)",
              "err": {},
              "uuid": "7c75d754-2c86-4645-a788-4cefcc1963dd",
              "parentUUID": "65e155a3-fef0-4b86-b043-e8fb76b07169",
              "isHook": false,
              "skipped": false
            }
          ],
          "suites": [],
          "passes": [
            "479ff71b-1d33-4821-9347-88e072dd4182",
            "7c75d754-2c86-4645-a788-4cefcc1963dd"
          ],
          "failures": [],
          "pending": [],
          "skipped": [],
          "duration": 729,
          "root": false,
          "rootEmpty": false,
          "_timeout": 2000
        }
      ],
      "passes": [],
      "failures": [],
      "pending": [],
      "skipped": [],
      "duration": 0,
      "root": true,
      "rootEmpty": true,
      "_timeout": 2000
    }
  ],
  "meta": {
    "mocha": {
      "version": "7.0.1"
    },
    "mochawesome": {
      "options": {
        "quiet": false,
        "reportFilename": "mochawesome",
        "saveHtml": false,
        "saveJson": true,
        "consoleReporter": "spec",
        "useInlineDiffs": false,
        "code": true
      },
      "version": "7.1.3"
    },
    "marge": {
      "options": {
        "id": "default",
        "reportDir": "cypress/results/mochawesome",
        "overwrite": false,
        "html": false,
        "json": true
      },
      "version": "6.2.0"
    }
  }
}